This is pdfTeX, Version 3.141592653-2.6-1.40.22 (TeX Live 2022/dev/Debian) (preloaded format=pdflatex 2023.7.1)  24 DEC 2023 12:13
entering extended mode
 restricted \write18 enabled.
 %&-line parsing enabled.
**pali.tex
(./pali.tex
LaTeX2e <2021-11-15> patch level 1
L3 programming layer <2022-01-21>
(/usr/share/texlive/texmf-dist/tex/latex/base/article.cls
Document Class: article 2021/10/04 v1.4n Standard LaTeX document class
(/usr/share/texlive/texmf-dist/tex/latex/base/size11.clo
File: size11.clo 2021/10/04 v1.4n Standard LaTeX file (size option)
)
\c@part=\count185
\c@section=\count186
\c@subsection=\count187
\c@subsubsection=\count188
\c@paragraph=\count189
\c@subparagraph=\count190
\c@figure=\count191
\c@table=\count192
\abovecaptionskip=\skip47
\belowcaptionskip=\skip48
\bibindent=\dimen138
)
(/usr/share/texlive/texmf-dist/tex/latex/base/inputenc.sty
Package: inputenc 2021/02/14 v1.3d Input encoding file
\inpenc@prehook=\toks16
\inpenc@posthook=\toks17
)
(/usr/share/texlive/texmf-dist/tex/latex/iwona/iwona.sty
Package: iwona 2005/10/03 v.1.2 Iwona package (MW)
\c@mv@iwona=\count193
\c@mv@iwonabold=\count194
LaTeX Font Info:    Overwriting symbol font `operators' in version `iwona'
(Font)                  OT1/cmr/m/n --> OT1/iwonalm/m/n on input line 58.
LaTeX Font Info:    Overwriting symbol font `letters' in version `iwona'
(Font)                  OML/cmm/m/it --> OML/iwonal/m/it on input line 59.
LaTeX Font Info:    Overwriting symbol font `symbols' in version `iwona'
(Font)                  OMS/cmsy/m/n --> OMS/iwonal/m/n on input line 60.
LaTeX Font Info:    Overwriting symbol font `largesymbols' in version `iwona'
(Font)                  OMX/cmex/m/n --> OMX/iwonal/m/n on input line 61.
LaTeX Font Info:    Overwriting symbol font `operators' in version `iwonabold'
(Font)                  OT1/cmr/m/n --> OT1/iwonalm/b/n on input line 62.
LaTeX Font Info:    Overwriting symbol font `letters' in version `iwonabold'
(Font)                  OML/cmm/m/it --> OML/iwonal/b/it on input line 63.
LaTeX Font Info:    Overwriting symbol font `symbols' in version `iwonabold'
(Font)                  OMS/cmsy/m/n --> OMS/iwonal/b/n on input line 64.
LaTeX Font Info:    Overwriting symbol font `largesymbols' in version `iwonabol
d'
(Font)                  OMX/cmex/m/n --> OMX/iwonal/b/n on input line 65.
LaTeX Font Info:    Overwriting math alphabet `\mathbf' in version `iwona'
(Font)                  OT1/cmr/bx/n --> OT1/iwonal/bx/n on input line 67.
LaTeX Font Info:    Overwriting math alphabet `\mathsf' in version `iwona'
(Font)                  OT1/cmss/m/n --> OT1/iwonal/m/n on input line 68.
LaTeX Font Info:    Overwriting math alphabet `\mathit' in version `iwona'
(Font)                  OT1/cmr/m/it --> OT1/iwonal/m/it on input line 69.
LaTeX Font Info:    Overwriting math alphabet `\mathtt' in version `iwona'
(Font)                  OT1/cmtt/m/n --> OT1/iwonal/m/n on input line 70.
LaTeX Font Info:    Overwriting math alphabet `\mathsf' in version `iwonabold'
(Font)                  OT1/cmss/m/n --> OT1/iwonal/bx/n on input line 71.
LaTeX Font Info:    Overwriting math alphabet `\mathit' in version `iwonabold'
(Font)                  OT1/cmr/m/it --> OT1/iwonal/bx/it on input line 72.
)
(/usr/share/texlive/texmf-dist/tex/latex/base/fontenc.sty
Package: fontenc 2021/04/29 v2.0v Standard LaTeX package
LaTeX Font Info:    Trying to load font information for T1+iwonal on input line
 112.

(/usr/share/texlive/texmf-dist/tex/latex/iwona/t1iwonal.fd
File: t1iwonal.fd 2008/07/22 v0.995 font definition file for T1/iwonal (MW)
))
(/usr/share/texlive/texmf-dist/tex/generic/babel/babel.sty
Package: babel 2022/01/26 3.70 The Babel package
\babel@savecnt=\count195
\U@D=\dimen139
\l@unhyphenated=\language87

(/usr/share/texlive/texmf-dist/tex/generic/babel/txtbabel.def)
\bbl@readstream=\read2
\bbl@dirlevel=\count196

(/usr/share/texlive/texmf-dist/tex/generic/babel-spanish/spanish.ldf
Language: spanish.ldf 2021/05/27 v5.0q Spanish support from the babel system
\es@quottoks=\toks18
\es@quotdepth=\count197
Package babel Info: Making " an active character on input line 570.
Package babel Info: Making . an active character on input line 675.
Package babel Info: Making < an active character on input line 722.
Package babel Info: Making > an active character on input line 722.
))
(/usr/share/texlive/texmf-dist/tex/latex/geometry/geometry.sty
Package: geometry 2020/01/02 v5.9 Page Geometry

(/usr/share/texlive/texmf-dist/tex/latex/graphics/keyval.sty
Package: keyval 2014/10/28 v1.15 key=value parser (DPC)
\KV@toks@=\toks19
)
(/usr/share/texlive/texmf-dist/tex/generic/iftex/ifvtex.sty
Package: ifvtex 2019/10/25 v1.7 ifvtex legacy package. Use iftex instead.

(/usr/share/texlive/texmf-dist/tex/generic/iftex/iftex.sty
Package: iftex 2020/03/06 v1.0d TeX engine tests
))
\Gm@cnth=\count198
\Gm@cntv=\count199
\c@Gm@tempcnt=\count266
\Gm@bindingoffset=\dimen140
\Gm@wd@mp=\dimen141
\Gm@odd@mp=\dimen142
\Gm@even@mp=\dimen143
\Gm@layoutwidth=\dimen144
\Gm@layoutheight=\dimen145
\Gm@layouthoffset=\dimen146
\Gm@layoutvoffset=\dimen147
\Gm@dimlist=\toks20
)
(/usr/share/texlive/texmf-dist/tex/latex/fancyhdr/fancyhdr.sty
Package: fancyhdr 2021/01/28 v4.0.1 Extensive control of page headers and foote
rs
\f@nch@headwidth=\skip49
\f@nch@O@elh=\skip50
\f@nch@O@erh=\skip51
\f@nch@O@olh=\skip52
\f@nch@O@orh=\skip53
\f@nch@O@elf=\skip54
\f@nch@O@erf=\skip55
\f@nch@O@olf=\skip56
\f@nch@O@orf=\skip57
)
(/usr/share/texlive/texmf-dist/tex/latex/enumitem/enumitem.sty
Package: enumitem 2019/06/20 v3.9 Customized lists
\labelindent=\skip58
\enit@outerparindent=\dimen148
\enit@toks=\toks21
\enit@inbox=\box50
\enit@count@id=\count267
\enitdp@description=\count268
)
(/usr/share/texlive/texmf-dist/tex/latex/changepage/changepage.sty
Package: changepage 2009/10/20 v1.0c check page and change page layout
\c@cp@cntr=\count269
\cp@tempcnt=\count270
)
(/usr/share/texlive/texmf-dist/tex/latex/graphics/graphicx.sty
Package: graphicx 2021/09/16 v1.2d Enhanced LaTeX Graphics (DPC,SPQR)

(/usr/share/texlive/texmf-dist/tex/latex/graphics/graphics.sty
Package: graphics 2021/03/04 v1.4d Standard LaTeX Graphics (DPC,SPQR)

(/usr/share/texlive/texmf-dist/tex/latex/graphics/trig.sty
Package: trig 2021/08/11 v1.11 sin cos tan (DPC)
)
(/usr/share/texlive/texmf-dist/tex/latex/graphics-cfg/graphics.cfg
File: graphics.cfg 2016/06/04 v1.11 sample graphics configuration
)
Package graphics Info: Driver file: pdftex.def on input line 107.

(/usr/share/texlive/texmf-dist/tex/latex/graphics-def/pdftex.def
File: pdftex.def 2020/10/05 v1.2a Graphics/color driver for pdftex
))
\Gin@req@height=\dimen149
\Gin@req@width=\dimen150
)
(/usr/share/texlive/texmf-dist/tex/latex/tools/tabularx.sty
Package: tabularx 2020/01/15 v2.11c `tabularx' package (DPC)

(/usr/share/texlive/texmf-dist/tex/latex/tools/array.sty
Package: array 2021/10/04 v2.5f Tabular extension package (FMi)
\col@sep=\dimen151
\ar@mcellbox=\box51
\extrarowheight=\dimen152
\NC@list=\toks22
\extratabsurround=\skip59
\backup@length=\skip60
\ar@cellbox=\box52
)
\TX@col@width=\dimen153
\TX@old@table=\dimen154
\TX@old@col=\dimen155
\TX@target=\dimen156
\TX@delta=\dimen157
\TX@cols=\count271
\TX@ftn=\toks23
)
(/usr/share/texlive/texmf-dist/tex/latex/xcolor/xcolor.sty
Package: xcolor 2021/10/31 v2.13 LaTeX color extensions (UK)

(/usr/share/texlive/texmf-dist/tex/latex/graphics-cfg/color.cfg
File: color.cfg 2016/01/02 v1.6 sample color configuration
)
Package xcolor Info: Driver file: pdftex.def on input line 227.
Package xcolor Info: Model `cmy' substituted by `cmy0' on input line 1352.
Package xcolor Info: Model `hsb' substituted by `rgb' on input line 1356.
Package xcolor Info: Model `RGB' extended on input line 1368.
Package xcolor Info: Model `HTML' substituted by `rgb' on input line 1370.
Package xcolor Info: Model `Hsb' substituted by `hsb' on input line 1371.
Package xcolor Info: Model `tHsb' substituted by `hsb' on input line 1372.
Package xcolor Info: Model `HSB' substituted by `hsb' on input line 1373.
Package xcolor Info: Model `Gray' substituted by `gray' on input line 1374.
Package xcolor Info: Model `wave' substituted by `hsb' on input line 1375.
)
(/usr/share/texlive/texmf-dist/tex/latex/colortbl/colortbl.sty
Package: colortbl 2020/01/04 v1.0e Color table columns (DPC)
\everycr=\toks24
\minrowclearance=\skip61
)
(/usr/share/texlive/texmf-dist/tex/latex/titlesec/titlesec.sty
Package: titlesec 2021/07/05 v2.14 Sectioning titles
\ttl@box=\box53
\beforetitleunit=\skip62
\aftertitleunit=\skip63
\ttl@plus=\dimen158
\ttl@minus=\dimen159
\ttl@toksa=\toks25
\titlewidth=\dimen160
\titlewidthlast=\dimen161
\titlewidthfirst=\dimen162
)
(/usr/share/texlive/texmf-dist/tex/latex/base/textcomp.sty
Package: textcomp 2020/02/02 v2.0n Standard LaTeX package
)
(/usr/share/texlive/texmf-dist/tex/latex/titling/titling.sty
Package: titling 2009/09/04 v2.1d maketitle typesetting
\thanksmarkwidth=\skip64
\thanksmargin=\skip65
\droptitle=\skip66
)
(/usr/share/texlive/texmf-dist/tex/latex/apacite/apacite.sty
Package: apacite 2013/07/21 v6.03 APA citation
\c@BibCnt=\count272
\bibleftmargin=\skip67
\bibindent=\skip68
\bibparsep=\skip69
\bibitemsep=\skip70
\biblabelsep=\skip71
)
(/usr/share/texlive/texmf-dist/tex/latex/amsmath/amsmath.sty
Package: amsmath 2021/10/15 v2.17l AMS math features
\@mathmargin=\skip72

For additional information on amsmath, use the `?' option.
(/usr/share/texlive/texmf-dist/tex/latex/amsmath/amstext.sty
Package: amstext 2021/08/26 v2.01 AMS text

(/usr/share/texlive/texmf-dist/tex/latex/amsmath/amsgen.sty
File: amsgen.sty 1999/11/30 v2.0 generic functions
\@emptytoks=\toks26
\ex@=\dimen163
))
(/usr/share/texlive/texmf-dist/tex/latex/amsmath/amsbsy.sty
Package: amsbsy 1999/11/29 v1.2d Bold Symbols
\pmbraise@=\dimen164
)
(/usr/share/texlive/texmf-dist/tex/latex/amsmath/amsopn.sty
Package: amsopn 2021/08/26 v2.02 operator names
)
\inf@bad=\count273
LaTeX Info: Redefining \frac on input line 234.
\uproot@=\count274
\leftroot@=\count275
LaTeX Info: Redefining \overline on input line 399.
\classnum@=\count276
\DOTSCASE@=\count277
LaTeX Info: Redefining \ldots on input line 496.
LaTeX Info: Redefining \dots on input line 499.
LaTeX Info: Redefining \cdots on input line 620.
\Mathstrutbox@=\box54
\strutbox@=\box55
\big@size=\dimen165
LaTeX Font Info:    Redeclaring font encoding OML on input line 743.
LaTeX Font Info:    Redeclaring font encoding OMS on input line 744.
\macc@depth=\count278
\c@MaxMatrixCols=\count279
\dotsspace@=\muskip16
\c@parentequation=\count280
\dspbrk@lvl=\count281
\tag@help=\toks27
\row@=\count282
\column@=\count283
\maxfields@=\count284
\andhelp@=\toks28
\eqnshift@=\dimen166
\alignsep@=\dimen167
\tagshift@=\dimen168
\tagwidth@=\dimen169
\totwidth@=\dimen170
\lineht@=\dimen171
\@envbody=\toks29
\multlinegap=\skip73
\multlinetaggap=\skip74
\mathdisplay@stack=\toks30
LaTeX Info: Redefining \[ on input line 2938.
LaTeX Info: Redefining \] on input line 2939.
)
(/usr/share/texlive/texmf-dist/tex/latex/setspace/setspace.sty
Package: setspace 2011/12/19 v6.7a set line spacing
)
(/usr/share/texlive/texmf-dist/tex/latex/listings/listings.sty
\lst@mode=\count285
\lst@gtempboxa=\box56
\lst@token=\toks31
\lst@length=\count286
\lst@currlwidth=\dimen172
\lst@column=\count287
\lst@pos=\count288
\lst@lostspace=\dimen173
\lst@width=\dimen174
\lst@newlines=\count289
\lst@lineno=\count290
\lst@maxwidth=\dimen175

(/usr/share/texlive/texmf-dist/tex/latex/listings/lstmisc.sty
File: lstmisc.sty 2020/03/24 1.8d (Carsten Heinz)
\c@lstnumber=\count291
\lst@skipnumbers=\count292
\lst@framebox=\box57
)
(/usr/share/texlive/texmf-dist/tex/latex/listings/listings.cfg
File: listings.cfg 2020/03/24 1.8d listings configuration
))
Package: listings 2020/03/24 1.8d (Carsten Heinz)

(/usr/share/texlive/texmf-dist/tex/latex/listings/lstlang1.sty
File: lstlang1.sty 2020/03/24 1.8d listings language file
)
(/usr/share/texlive/texmf-dist/tex/latex/l3backend/l3backend-pdftex.def
File: l3backend-pdftex.def 2022-01-12 L3 backend support: PDF output (pdfTeX)
\l__color_backend_stack_int=\count293
\l__pdf_internal_box=\box58
)
(./pali.aux
LaTeX Info: Redefining \. on input line 9.
LaTeX Info: Redefining \% on input line 9.
)
\openout1 = `pali.aux'.

LaTeX Font Info:    Checking defaults for OML/cmm/m/it on input line 118.
LaTeX Font Info:    ... okay on input line 118.
LaTeX Font Info:    Checking defaults for OMS/cmsy/m/n on input line 118.
LaTeX Font Info:    ... okay on input line 118.
LaTeX Font Info:    Checking defaults for OT1/cmr/m/n on input line 118.
LaTeX Font Info:    ... okay on input line 118.
LaTeX Font Info:    Checking defaults for T1/cmr/m/n on input line 118.
LaTeX Font Info:    ... okay on input line 118.
LaTeX Font Info:    Checking defaults for TS1/cmr/m/n on input line 118.
LaTeX Font Info:    ... okay on input line 118.
LaTeX Font Info:    Checking defaults for OMX/cmex/m/n on input line 118.
LaTeX Font Info:    ... okay on input line 118.
LaTeX Font Info:    Checking defaults for U/cmr/m/n on input line 118.
LaTeX Font Info:    ... okay on input line 118.
LaTeX Info: Redefining \. on input line 118.
LaTeX Info: Redefining \% on input line 118.

*geometry* driver: auto-detecting
*geometry* detected driver: pdftex
*geometry* verbose mode - [ preamble ] result:
* driver: pdftex
* paper: letterpaper
* layout: <same size as paper>
* layoutoffset:(h,v)=(0.0pt,0.0pt)
* modes: 
* h-part:(L,W,R)=(72.26999pt, 469.75502pt, 72.26999pt)
* v-part:(T,H,B)=(72.26999pt, 650.43001pt, 72.26999pt)
* \paperwidth=614.295pt
* \paperheight=794.96999pt
* \textwidth=469.75502pt
* \textheight=650.43001pt
* \oddsidemargin=0.0pt
* \evensidemargin=0.0pt
* \topmargin=-37.0pt
* \headheight=13.59999pt
* \headsep=25.0pt
* \topskip=11.0pt
* \footskip=30.0pt
* \marginparwidth=59.0pt
* \marginparsep=10.0pt
* \columnsep=10.0pt
* \skip\footins=10.0pt plus 4.0pt minus 2.0pt
* \hoffset=0.0pt
* \voffset=0.0pt
* \mag=1000
* \@twocolumnfalse
* \@twosidefalse
* \@mparswitchfalse
* \@reversemarginfalse
* (1in=72.27pt=25.4mm, 1cm=28.453pt)

(/usr/share/texlive/texmf-dist/tex/context/base/mkii/supp-pdf.mkii
[Loading MPS to PDF converter (version 2006.09.02).]
\scratchcounter=\count294
\scratchdimen=\dimen176
\scratchbox=\box59
\nofMPsegments=\count295
\nofMParguments=\count296
\everyMPshowfont=\toks32
\MPscratchCnt=\count297
\MPscratchDim=\dimen177
\MPnumerator=\count298
\makeMPintoPDFobject=\count299
\everyMPtoPDFconversion=\toks33
) (/usr/share/texlive/texmf-dist/tex/latex/epstopdf-pkg/epstopdf-base.sty
Package: epstopdf-base 2020-01-24 v2.11 Base part for package epstopdf
Package epstopdf-base Info: Redefining graphics rule for `.eps' on input line 4
85.

(/usr/share/texlive/texmf-dist/tex/latex/latexconfig/epstopdf-sys.cfg
File: epstopdf-sys.cfg 2010/07/13 v1.3 Configuration of (r)epstopdf for TeX Liv
e
))
\c@maskedRefs=\count300

(/usr/share/texlive/texmf-dist/tex/latex/apacite/spanish.apc
File: spanish.apc 2013/07/21 v6.03 apacite language file
LaTeX Info: Redefining \BPBI on input line 138.
LaTeX Info: Redefining \BHBI on input line 139.
)
\c@lstlisting=\count301
<descarga.png, id=1, 257.96375pt x 196.735pt>
File: descarga.png Graphic file (type png)
<use descarga.png>
Package pdftex.def Info: descarga.png  used on input line 122.
(pdftex.def)             Requested size: 117.43875pt x 89.56258pt.
 [1

{/var/lib/texmf/fonts/map/pdftex/updmap/pdftex.map} <./descarga.png>]
LaTeX Font Info:    Trying to load font information for OT1+iwonalm on input li
ne 153.

(/usr/share/texlive/texmf-dist/tex/latex/iwona/ot1iwonalm.fd
File: ot1iwonalm.fd 2005/10/05 v1.2 font definition file for OT1/iwonalm (MW)
)
LaTeX Font Info:    Trying to load font information for OML+iwonal on input lin
e 153.

(/usr/share/texlive/texmf-dist/tex/latex/iwona/omliwonal.fd
File: omliwonal.fd 2008/07/22 v0.995 font definition file for OML/iwonal (MW)
)
LaTeX Font Info:    Trying to load font information for OMS+iwonal on input lin
e 153.

(/usr/share/texlive/texmf-dist/tex/latex/iwona/omsiwonal.fd
File: omsiwonal.fd 2008/07/22 v0.995 font definition file for OMS/iwonal (MW)
)
LaTeX Font Info:    Trying to load font information for OMX+iwonal on input lin
e 153.

(/usr/share/texlive/texmf-dist/tex/latex/iwona/omxiwonal.fd
File: omxiwonal.fd 2008/07/22 v0.995 font definition file for OMX/iwonal (MW)
) [1]
<manual.png, id=20, 1927.2pt x 1084.05pt>
File: manual.png Graphic file (type png)
<use manual.png>
Package pdftex.def Info: manual.png  used on input line 212.
(pdftex.def)             Requested size: 375.80544pt x 211.38063pt.
 [2]
<arch1.png, id=24, 1927.2pt x 1084.05pt>
File: arch1.png Graphic file (type png)
<use arch1.png>
Package pdftex.def Info: arch1.png  used on input line 218.
(pdftex.def)             Requested size: 375.80544pt x 211.38063pt.
 [3 <./manual.png> <./arch1.png>]
<manual2.png, id=28, 1927.2pt x 1084.05pt>
File: manual2.png Graphic file (type png)
<use manual2.png>
Package pdftex.def Info: manual2.png  used on input line 226.
(pdftex.def)             Requested size: 375.80544pt x 211.38063pt.
<arch2.png, id=29, 1927.2pt x 1084.05pt>
File: arch2.png Graphic file (type png)
<use arch2.png>
Package pdftex.def Info: arch2.png  used on input line 232.
(pdftex.def)             Requested size: 375.80544pt x 211.38063pt.
 [4 <./manual2.png> <./arch2.png>]
<auto.png, id=33, 1927.2pt x 1084.05pt>
File: auto.png Graphic file (type png)
<use auto.png>
Package pdftex.def Info: auto.png  used on input line 240.
(pdftex.def)             Requested size: 375.80544pt x 211.38063pt.
<arch3.png, id=34, 1927.2pt x 1084.05pt>
File: arch3.png Graphic file (type png)
<use arch3.png>
Package pdftex.def Info: arch3.png  used on input line 246.
(pdftex.def)             Requested size: 375.80544pt x 211.38063pt.
 [5 <./auto.png> <./arch3.png>]
<arch4.png, id=38, 1927.2pt x 1084.05pt>
File: arch4.png Graphic file (type png)
<use arch4.png>
Package pdftex.def Info: arch4.png  used on input line 254.
(pdftex.def)             Requested size: 375.80544pt x 211.38063pt.
 [6 <./arch4.png>] [7]
LaTeX Font Info:    Trying to load font information for T1+cmtt on input line 2
81.

(/usr/share/texlive/texmf-dist/tex/latex/base/t1cmtt.fd
File: t1cmtt.fd 2019/12/16 v2.5j Standard LaTeX font definitions
) [8] [9] (./pali.aux
LaTeX Info: Redefining \. on input line 9.
LaTeX Info: Redefining \% on input line 9.
) ) 
Here is how much of TeX's memory you used:
 8486 strings out of 478287
 125758 string characters out of 5849290
 937108 words of memory out of 5000000
 26583 multiletter control sequences out of 15000+600000
 548471 words of font info for 73 fonts, out of 8000000 for 9000
 1141 hyphenation exceptions out of 8191
 55i,12n,62p,412b,1937s stack positions out of 5000i,500n,10000p,200000b,80000s
{/usr/share/texmf/fonts/enc/dvips/cm-super/cm-super-t1.enc}{/usr/share/texli
ve/texmf-dist/fonts/enc/dvips/iwona/sy-iwona.enc}{/usr/share/texlive/texmf-dist
/fonts/enc/dvips/iwona/rm-iwona.enc}{/usr/share/texlive/texmf-dist/fonts/enc/dv
ips/iwona/mi-iwona.enc}{/usr/share/texlive/texmf-dist/fonts/enc/dvips/iwona/ec-
iwona.enc}{/usr/share/texlive/texmf-dist/fonts/enc/dvips/iwona/ec-iwona-sc.enc}
</usr/share/texlive/texmf-dist/fonts/type1/nowacki/iwona/iwonal.pfb></usr/share
/texlive/texmf-dist/fonts/type1/nowacki/iwona/iwonali.pfb></usr/share/texlive/t
exmf-dist/fonts/type1/nowacki/iwona/iwonam.pfb></usr/share/texlive/texmf-dist/f
onts/type1/nowacki/iwona/iwonami.pfb></usr/share/texmf/fonts/type1/public/cm-su
per/sftt1000.pfb>
Output written on pali.pdf (10 pages, 1104589 bytes).
PDF statistics:
 92 PDF objects out of 1000 (max. 8388607)
 55 compressed objects within 1 object stream
 0 named destinations out of 1000 (max. 500000)
 41 words of extra memory for PDF output out of 10000 (max. 10000000)

